Using pre-set license

 COMMAND LINE ARGUMENTS:
/Applications/Unity/Hub/Editor/2020.3.4f1c1/Unity.app/Contents/MacOS/Unity
-adb2
-batchMode
-noUpm
-name
AssetImportWorker0
-projectPath
/Users/mumu/Codes/Unity/3DMMORPG/KnightOfAttack
-logFile
Logs/AssetImportWorker0.log
-srvPort
51090
Successfully changed project path to: /Users/mumu/Codes/Unity/3DMMORPG/KnightOfAttack
/Users/mumu/Codes/Unity/3DMMORPG/KnightOfAttack
Using Asset Import Pipeline V2.
Refreshing native plugins compatible for Editor in 59.75 ms, found 1 plugins.
Preloading 0 native plugins for Editor in 0.00 ms.
Initialize engine version: 2020.3.4f1c1 (3d27070cb163)
[Subsystems] Discovering subsystems at path /Applications/Unity/Hub/Editor/2020.3.4f1c1/Unity.app/Contents/Resources/UnitySubsystems
[Subsystems] Discovering subsystems at path /Users/mumu/Codes/Unity/3DMMORPG/KnightOfAttack/Assets
GfxDevice: creating device client; threaded=0
2021-06-03 23:21:34.549 Unity[4190:52684] U2790B preferred device: AMD Radeon RX 470 (high power)
2021-06-03 23:21:34.549 Unity[4190:52684] Metal devices available: 1
2021-06-03 23:21:34.549 Unity[4190:52684] 0: AMD Radeon RX 470 (high power)
2021-06-03 23:21:34.550 Unity[4190:52684] Using device AMD Radeon RX 470 (high power)
Initializing Metal device caps: AMD Radeon RX 470
Shader 'Universal Render Pipeline/Particles/Lit': fallback shader 'Universal Render Pipeline/Particles/SimpleLit' not found
Initialize mono
Mono path[0] = '/Applications/Unity/Hub/Editor/2020.3.4f1c1/Unity.app/Contents/Managed'
Mono path[1] = '/Applications/Unity/Hub/Editor/2020.3.4f1c1/Unity.app/Contents/MonoBleedingEdge/lib/mono/unityjit'
Mono config path = '/Applications/Unity/Hub/Editor/2020.3.4f1c1/Unity.app/Contents/MonoBleedingEdge/etc'
Using monoOptions --debugger-agent=transport=dt_socket,embedding=1,server=y,suspend=n,address=127.0.0.1:56190
Begin MonoManager ReloadAssembly
Registering precompiled unity dll's ...
Register platform support module: /Applications/Unity/Hub/Editor/2020.3.4f1c1/Unity.app/Contents/PlaybackEngines/MacStandaloneSupport/UnityEditor.OSXStandalone.Extensions.dll
Register platform support module: /Applications/Unity/Hub/Editor/2020.3.4f1c1/PlaybackEngines/WindowsStandaloneSupport/UnityEditor.WindowsStandalone.Extensions.dll
Registered in 0.000567 seconds.
Native extension for WindowsStandalone target not found
Native extension for OSXStandalone target not found
Refreshing native plugins compatible for Editor in 57.93 ms, found 1 plugins.
Preloading 0 native plugins for Editor in 0.00 ms.
Mono: successfully reloaded assembly
- Completed reload, in  2.461 seconds
Platform modules already initialized, skipping
Registering precompiled user dll's ...
Registered in 0.000826 seconds.
Begin MonoManager ReloadAssembly
Native extension for WindowsStandalone target not found
Native extension for OSXStandalone target not found
Refreshing native plugins compatible for Editor in 58.47 ms, found 1 plugins.
Preloading 0 native plugins for Editor in 0.00 ms.
Mono: successfully reloaded assembly
- Completed reload, in  0.964 seconds
Platform modules already initialized, skipping
========================================================================
Worker process is ready to serve import requests
Shader 'Universal Render Pipeline/Particles/Lit': fallback shader 'Universal Render Pipeline/Particles/SimpleLit' not found
Launching external process: /Applications/Unity/Hub/Editor/2020.3.4f1c1/Unity.app/Contents/Tools/UnityShaderCompiler
Launched and connected shader compiler UnityShaderCompiler after 0.01 seconds
Refreshing native plugins compatible for Editor in 0.67 ms, found 1 plugins.
Preloading 0 native plugins for Editor in 0.00 ms.
Unloading 2484 Unused Serialized files (Serialized files now loaded: 0)
System memory in use before: 231.6 MB.
System memory in use after: 231.8 MB.

Unloading 11 unused Assets to reduce memory usage. Loaded Objects now: 2946.
Total: 2.747527 ms (FindLiveObjects: 0.325317 ms CreateObjectMapping: 0.148286 ms MarkObjects: 2.166017 ms  DeleteObjects: 0.106778 ms)

========================================================================
Received Import Request.
  path: Assets/Scenes/DemoSceneSettings.lighting
  artifactKey: Guid(118242924a46f414d99fb8c74f1f47ae) Importer(815301076,1909f56bfc062723c751e8b465ee728b)
Start importing Assets/Scenes/DemoSceneSettings.lighting using Guid(118242924a46f414d99fb8c74f1f47ae) Importer(815301076,1909f56bfc062723c751e8b465ee728b) LightingSettings: switching bake backend from 1 to 0.
 -> (artifact id: 'fef6047b04ecf99316342a47aa8c26db') in 0.840331 seconds
  Import took 0.845367 seconds .

========================================================================
Received Import Request.
  Time since last request: 0.000222 seconds.
  path: Assets/Scenes/DemoScene_01Settings.lighting
  artifactKey: Guid(e520a9fbc2f7e45598bdbdb37ff48206) Importer(815301076,1909f56bfc062723c751e8b465ee728b)
Start importing Assets/Scenes/DemoScene_01Settings.lighting using Guid(e520a9fbc2f7e45598bdbdb37ff48206) Importer(815301076,1909f56bfc062723c751e8b465ee728b) LightingSettings: switching bake backend from 1 to 0.
 -> (artifact id: 'e3c71f28f41cd817d66a89b84a7c6b44') in 0.001632 seconds
  Import took 0.004403 seconds .

========================================================================
Received Import Request.
  Time since last request: 12.314102 seconds.
  path: Assets/Scenes/LightSettings
  artifactKey: Guid(8a762135c328a4b78942565967f22c13) Importer(815301076,1909f56bfc062723c751e8b465ee728b)
Start importing Assets/Scenes/LightSettings using Guid(8a762135c328a4b78942565967f22c13) Importer(815301076,1909f56bfc062723c751e8b465ee728b)  -> (artifact id: 'eafcf2f49fca64280fdcb93854814bd8') in 0.001220 seconds
  Import took 0.004578 seconds .

========================================================================
Received Import Request.
  Time since last request: 4.835417 seconds.
  path: Assets/Scenes/DemoScene.unity
  artifactKey: Guid(424becdbb68cf4c109e0b90a4ac04338) Importer(815301076,1909f56bfc062723c751e8b465ee728b)
Start importing Assets/Scenes/DemoScene.unity using Guid(424becdbb68cf4c109e0b90a4ac04338) Importer(815301076,1909f56bfc062723c751e8b465ee728b)  -> (artifact id: '5e027c7530194e9a4e6f32fbed73f714') in 0.000970 seconds
  Import took 0.004452 seconds .

========================================================================
Received Import Request.
  Time since last request: 1.344526 seconds.
  path: Assets/Scenes/DemoScene_01.unity
  artifactKey: Guid(acda6b43f718d4e7b95de4b89543e389) Importer(815301076,1909f56bfc062723c751e8b465ee728b)
Start importing Assets/Scenes/DemoScene_01.unity using Guid(acda6b43f718d4e7b95de4b89543e389) Importer(815301076,1909f56bfc062723c751e8b465ee728b)  -> (artifact id: 'cecf947309bb729b9aec05618a8039ce') in 0.000923 seconds
  Import took 0.004246 seconds .

========================================================================
Received Import Request.
  Time since last request: 30.847907 seconds.
  path: Assets/Scenes/MainScene.unity
  artifactKey: Guid(424becdbb68cf4c109e0b90a4ac04338) Importer(815301076,1909f56bfc062723c751e8b465ee728b)
Start importing Assets/Scenes/MainScene.unity using Guid(424becdbb68cf4c109e0b90a4ac04338) Importer(815301076,1909f56bfc062723c751e8b465ee728b)  -> (artifact id: '48780f5faf242164922549c6fce2c0e8') in 0.001024 seconds
  Import took 0.004311 seconds .

========================================================================
Received Import Request.
  Time since last request: 14.318298 seconds.
  path: Assets/Scenes/LightSettings/MainSceneLightingSettings.lighting
  artifactKey: Guid(118242924a46f414d99fb8c74f1f47ae) Importer(815301076,1909f56bfc062723c751e8b465ee728b)
Start importing Assets/Scenes/LightSettings/MainSceneLightingSettings.lighting using Guid(118242924a46f414d99fb8c74f1f47ae) Importer(815301076,1909f56bfc062723c751e8b465ee728b) LightingSettings: switching bake backend from 1 to 0.
 -> (artifact id: 'e677e810588c4495e6027fe622a6c19c') in 0.002142 seconds
  Import took 0.005963 seconds .

========================================================================
Received Import Request.
  Time since last request: 38.799177 seconds.
  path: Assets/Scenes/LightingSettings
  artifactKey: Guid(8a762135c328a4b78942565967f22c13) Importer(815301076,1909f56bfc062723c751e8b465ee728b)
Start importing Assets/Scenes/LightingSettings using Guid(8a762135c328a4b78942565967f22c13) Importer(815301076,1909f56bfc062723c751e8b465ee728b)  -> (artifact id: 'db47373ec4155229b611468b86e47e78') in 0.000739 seconds
  Import took 0.004225 seconds .

========================================================================
Received Import Request.
  Time since last request: 1404.788202 seconds.
  path: Assets/Scripts
  artifactKey: Guid(8389415f2c2024ba1a2ea356cdfd8fe6) Importer(815301076,1909f56bfc062723c751e8b465ee728b)
Start importing Assets/Scripts using Guid(8389415f2c2024ba1a2ea356cdfd8fe6) Importer(815301076,1909f56bfc062723c751e8b465ee728b)  -> (artifact id: '133615ddd1753d8dca4041258d76e91c') in 0.001203 seconds
  Import took 0.004268 seconds .

========================================================================
Received Import Request.
  Time since last request: 8.316795 seconds.
  path: Assets/Materials
  artifactKey: Guid(9dcc73195e6ce4cdcbbb1d87d022c0f1) Importer(815301076,1909f56bfc062723c751e8b465ee728b)
Start importing Assets/Materials using Guid(9dcc73195e6ce4cdcbbb1d87d022c0f1) Importer(815301076,1909f56bfc062723c751e8b465ee728b)  -> (artifact id: '1aaf2b3783a14e67727cf5926e85d98e') in 0.001143 seconds
  Import took 0.004249 seconds .

========================================================================
Received Import Request.
  Time since last request: 8.013440 seconds.
  path: Assets/Animations
  artifactKey: Guid(4a92d0fb738bd4f74836ab6db40af535) Importer(815301076,1909f56bfc062723c751e8b465ee728b)
Start importing Assets/Animations using Guid(4a92d0fb738bd4f74836ab6db40af535) Importer(815301076,1909f56bfc062723c751e8b465ee728b)  -> (artifact id: '041abcb820de0eb4fc7695ca987991f1') in 0.001131 seconds
  Import took 0.004275 seconds .

========================================================================
Received Import Request.
  Time since last request: 5.342299 seconds.
  path: Assets/Animations/Clips
  artifactKey: Guid(6e8c6decdf05340048e3c176d32f3804) Importer(815301076,1909f56bfc062723c751e8b465ee728b)
Start importing Assets/Animations/Clips using Guid(6e8c6decdf05340048e3c176d32f3804) Importer(815301076,1909f56bfc062723c751e8b465ee728b)  -> (artifact id: 'fb9beb5f14ed2976968ce3999f097be1') in 0.001131 seconds
  Import took 0.004219 seconds .

========================================================================
Received Import Request.
  Time since last request: 6.840702 seconds.
  path: Assets/Animations/Animator
  artifactKey: Guid(13cf7f66293c04530b37ecc9cead1b78) Importer(815301076,1909f56bfc062723c751e8b465ee728b)
Start importing Assets/Animations/Animator using Guid(13cf7f66293c04530b37ecc9cead1b78) Importer(815301076,1909f56bfc062723c751e8b465ee728b)  -> (artifact id: 'd1d4d122cff6aa5781b9c86105a9e472') in 0.001126 seconds
  Import took 0.004215 seconds .

