Using pre-set license

 COMMAND LINE ARGUMENTS:
/Applications/Unity/Hub/Editor/2020.3.4f1c1/Unity.app/Contents/MacOS/Unity
-adb2
-batchMode
-noUpm
-name
AssetImportWorker1
-projectPath
/Users/mumu/Codes/Unity/KnightOfAttack
-logFile
Logs/AssetImportWorker1.log
-srvPort
50758
Successfully changed project path to: /Users/mumu/Codes/Unity/KnightOfAttack
/Users/mumu/Codes/Unity/KnightOfAttack
Using Asset Import Pipeline V2.
Refreshing native plugins compatible for Editor in 72.52 ms, found 1 plugins.
Preloading 0 native plugins for Editor in 0.00 ms.
Initialize engine version: 2020.3.4f1c1 (3d27070cb163)
[Subsystems] Discovering subsystems at path /Applications/Unity/Hub/Editor/2020.3.4f1c1/Unity.app/Contents/Resources/UnitySubsystems
[Subsystems] Discovering subsystems at path /Users/mumu/Codes/Unity/KnightOfAttack/Assets
GfxDevice: creating device client; threaded=0
2021-07-03 22:20:48.266 Unity[23657:466553] U2790B preferred device: AMD Radeon RX 470 (high power)
2021-07-03 22:20:48.266 Unity[23657:466553] Metal devices available: 1
2021-07-03 22:20:48.266 Unity[23657:466553] 0: AMD Radeon RX 470 (high power)
2021-07-03 22:20:48.266 Unity[23657:466553] Using device AMD Radeon RX 470 (high power)
Initializing Metal device caps: AMD Radeon RX 470
Shader 'Universal Render Pipeline/Particles/Lit': fallback shader 'Universal Render Pipeline/Particles/SimpleLit' not found
Initialize mono
Mono path[0] = '/Applications/Unity/Hub/Editor/2020.3.4f1c1/Unity.app/Contents/Managed'
Mono path[1] = '/Applications/Unity/Hub/Editor/2020.3.4f1c1/Unity.app/Contents/MonoBleedingEdge/lib/mono/unityjit'
Mono config path = '/Applications/Unity/Hub/Editor/2020.3.4f1c1/Unity.app/Contents/MonoBleedingEdge/etc'
Using monoOptions --debugger-agent=transport=dt_socket,embedding=1,server=y,suspend=n,address=127.0.0.1:56657
Begin MonoManager ReloadAssembly
Registering precompiled unity dll's ...
Register platform support module: /Applications/Unity/Hub/Editor/2020.3.4f1c1/Unity.app/Contents/PlaybackEngines/MacStandaloneSupport/UnityEditor.OSXStandalone.Extensions.dll
Register platform support module: /Applications/Unity/Hub/Editor/2020.3.4f1c1/PlaybackEngines/WindowsStandaloneSupport/UnityEditor.WindowsStandalone.Extensions.dll
Registered in 0.000594 seconds.
Native extension for WindowsStandalone target not found
Native extension for OSXStandalone target not found
Refreshing native plugins compatible for Editor in 67.04 ms, found 1 plugins.
Preloading 0 native plugins for Editor in 0.00 ms.
Mono: successfully reloaded assembly
- Completed reload, in  3.233 seconds
Platform modules already initialized, skipping
Registering precompiled user dll's ...
Registered in 0.002122 seconds.
Begin MonoManager ReloadAssembly
Native extension for WindowsStandalone target not found
Native extension for OSXStandalone target not found
Refreshing native plugins compatible for Editor in 67.93 ms, found 1 plugins.
Preloading 0 native plugins for Editor in 0.00 ms.
Mono: successfully reloaded assembly
- Completed reload, in  1.475 seconds
Platform modules already initialized, skipping
========================================================================
Worker process is ready to serve import requests
Shader 'Universal Render Pipeline/Particles/Lit': fallback shader 'Universal Render Pipeline/Particles/SimpleLit' not found
Launching external process: /Applications/Unity/Hub/Editor/2020.3.4f1c1/Unity.app/Contents/Tools/UnityShaderCompiler
Launched and connected shader compiler UnityShaderCompiler after 0.01 seconds
Refreshing native plugins compatible for Editor in 0.84 ms, found 1 plugins.
Preloading 0 native plugins for Editor in 0.00 ms.
Unloading 3001 Unused Serialized files (Serialized files now loaded: 0)
System memory in use before: 274.0 MB.
System memory in use after: 274.2 MB.

Unloading 25 unused Assets to reduce memory usage. Loaded Objects now: 3510.
Total: 16.770446 ms (FindLiveObjects: 0.265024 ms CreateObjectMapping: 0.097487 ms MarkObjects: 16.310656 ms  DeleteObjects: 0.096155 ms)

========================================================================
Received Import Request.
  path: Assets/Resources/Prefabs/Player/Player.prefab
  artifactKey: Guid(77ac70fc1a05743eebca026f34b9568f) Importer(815301076,1909f56bfc062723c751e8b465ee728b)
Start importing Assets/Resources/Prefabs/Player/Player.prefab using Guid(77ac70fc1a05743eebca026f34b9568f) Importer(815301076,1909f56bfc062723c751e8b465ee728b)  -> (artifact id: '1781a896a5a1c48eb60489e8b49ef996') in 1.002980 seconds
  Import took 1.010953 seconds .

========================================================================
Received Prepare
Registering precompiled user dll's ...
Registered in 0.002190 seconds.
Begin MonoManager ReloadAssembly
Native extension for WindowsStandalone target not found
Native extension for OSXStandalone target not found
Refreshing native plugins compatible for Editor in 0.78 ms, found 1 plugins.
Preloading 0 native plugins for Editor in 0.00 ms.
Mono: successfully reloaded assembly
- Completed reload, in  1.402 seconds
Platform modules already initialized, skipping
Shader 'Universal Render Pipeline/Particles/Lit': fallback shader 'Universal Render Pipeline/Particles/SimpleLit' not found
Refreshing native plugins compatible for Editor in 0.78 ms, found 1 plugins.
Preloading 0 native plugins for Editor in 0.00 ms.
Unloading 2866 Unused Serialized files (Serialized files now loaded: 0)
System memory in use before: 289.5 MB.
System memory in use after: 289.7 MB.

Unloading 18 unused Assets to reduce memory usage. Loaded Objects now: 3559.
Total: 16.759137 ms (FindLiveObjects: 0.290880 ms CreateObjectMapping: 0.112074 ms MarkObjects: 16.290342 ms  DeleteObjects: 0.064504 ms)

========================================================================
Received Import Request.
  Time since last request: 80.045560 seconds.
  path: Assets/Assets Package/ModularRPGHeroesPolyArt/Animators/SwordShield 1.controller
  artifactKey: Guid(4e95639999d5a49b4887b9b0e70920ae) Importer(815301076,1909f56bfc062723c751e8b465ee728b)
Start importing Assets/Assets Package/ModularRPGHeroesPolyArt/Animators/SwordShield 1.controller using Guid(4e95639999d5a49b4887b9b0e70920ae) Importer(815301076,1909f56bfc062723c751e8b465ee728b)  -> (artifact id: 'c04b3333825a151e4ee2caf8a2f44969') in 0.260902 seconds
  Import took 0.268956 seconds .

========================================================================
Received Import Request.
  Time since last request: 63.881822 seconds.
  path: Assets/Assets Package/ModularRPGHeroesPolyArt/Animations/SwordShield/RunBack_SwordShield.fbx
  artifactKey: Guid(d5cb0167187ee29419fbd1a26d111167) Importer(815301076,1909f56bfc062723c751e8b465ee728b)
Start importing Assets/Assets Package/ModularRPGHeroesPolyArt/Animations/SwordShield/RunBack_SwordShield.fbx using Guid(d5cb0167187ee29419fbd1a26d111167) Importer(815301076,1909f56bfc062723c751e8b465ee728b)  -> (artifact id: '0b5d13b8688420d5a7e29659833fab7b') in 0.614931 seconds
  Import took 0.619580 seconds .

========================================================================
Received Prepare
Registering precompiled user dll's ...
Registered in 0.002357 seconds.
Begin MonoManager ReloadAssembly
Native extension for WindowsStandalone target not found
Native extension for OSXStandalone target not found
Refreshing native plugins compatible for Editor in 0.77 ms, found 1 plugins.
Preloading 0 native plugins for Editor in 0.00 ms.
Mono: successfully reloaded assembly
- Completed reload, in  1.367 seconds
Platform modules already initialized, skipping
Shader 'Universal Render Pipeline/Particles/Lit': fallback shader 'Universal Render Pipeline/Particles/SimpleLit' not found
Refreshing native plugins compatible for Editor in 1.05 ms, found 1 plugins.
Preloading 0 native plugins for Editor in 0.00 ms.
Unloading 2866 Unused Serialized files (Serialized files now loaded: 0)
System memory in use before: 299.8 MB.
System memory in use after: 300.0 MB.

Unloading 18 unused Assets to reduce memory usage. Loaded Objects now: 3601.
Total: 17.623599 ms (FindLiveObjects: 0.416330 ms CreateObjectMapping: 0.142376 ms MarkObjects: 16.989148 ms  DeleteObjects: 0.074322 ms)

========================================================================
Received Prepare
Registering precompiled user dll's ...
Registered in 0.002284 seconds.
Begin MonoManager ReloadAssembly
Native extension for WindowsStandalone target not found
Native extension for OSXStandalone target not found
Refreshing native plugins compatible for Editor in 0.83 ms, found 1 plugins.
Preloading 0 native plugins for Editor in 0.00 ms.
Mono: successfully reloaded assembly
- Completed reload, in  1.358 seconds
Platform modules already initialized, skipping
Shader 'Universal Render Pipeline/Particles/Lit': fallback shader 'Universal Render Pipeline/Particles/SimpleLit' not found
Refreshing native plugins compatible for Editor in 0.78 ms, found 1 plugins.
Preloading 0 native plugins for Editor in 0.00 ms.
Unloading 2866 Unused Serialized files (Serialized files now loaded: 0)
System memory in use before: 300.7 MB.
System memory in use after: 300.9 MB.

Unloading 18 unused Assets to reduce memory usage. Loaded Objects now: 3604.
Total: 19.347276 ms (FindLiveObjects: 0.417093 ms CreateObjectMapping: 0.208263 ms MarkObjects: 18.628166 ms  DeleteObjects: 0.091422 ms)

========================================================================
Received Import Request.
  Time since last request: 358.727993 seconds.
  path: Assets/Resources/Prefabs/Player/Player.prefab
  artifactKey: Guid(77ac70fc1a05743eebca026f34b9568f) Importer(815301076,1909f56bfc062723c751e8b465ee728b)
Start importing Assets/Resources/Prefabs/Player/Player.prefab using Guid(77ac70fc1a05743eebca026f34b9568f) Importer(815301076,1909f56bfc062723c751e8b465ee728b)  -> (artifact id: 'a0688028cdf3edd58a89b241b0ba42d2') in 0.191639 seconds
  Import took 0.198779 seconds .

========================================================================
Received Prepare
Registering precompiled user dll's ...
Registered in 0.002335 seconds.
Begin MonoManager ReloadAssembly
Native extension for WindowsStandalone target not found
Native extension for OSXStandalone target not found
Refreshing native plugins compatible for Editor in 0.89 ms, found 1 plugins.
Preloading 0 native plugins for Editor in 0.00 ms.
Mono: successfully reloaded assembly
- Completed reload, in  1.398 seconds
Platform modules already initialized, skipping
Shader 'Universal Render Pipeline/Particles/Lit': fallback shader 'Universal Render Pipeline/Particles/SimpleLit' not found
Refreshing native plugins compatible for Editor in 0.84 ms, found 1 plugins.
Preloading 0 native plugins for Editor in 0.00 ms.
Unloading 2866 Unused Serialized files (Serialized files now loaded: 0)
System memory in use before: 301.8 MB.
System memory in use after: 302.0 MB.

Unloading 18 unused Assets to reduce memory usage. Loaded Objects now: 3643.
Total: 16.968839 ms (FindLiveObjects: 0.284012 ms CreateObjectMapping: 0.107996 ms MarkObjects: 16.501048 ms  DeleteObjects: 0.074686 ms)

AssetImportWorkerClient::OnTransportError - code=2 error=End of file
