Using pre-set license

 COMMAND LINE ARGUMENTS:
/Applications/Unity/Hub/Editor/2020.3.4f1c1/Unity.app/Contents/MacOS/Unity
-adb2
-batchMode
-noUpm
-name
AssetImportWorker0
-projectPath
/Users/mumu/Codes/Unity/KnightOfAttack
-logFile
Logs/AssetImportWorker0.log
-srvPort
50118
Successfully changed project path to: /Users/mumu/Codes/Unity/KnightOfAttack
/Users/mumu/Codes/Unity/KnightOfAttack
Using Asset Import Pipeline V2.
Refreshing native plugins compatible for Editor in 70.65 ms, found 1 plugins.
Preloading 0 native plugins for Editor in 0.00 ms.
Initialize engine version: 2020.3.4f1c1 (3d27070cb163)
[Subsystems] Discovering subsystems at path /Applications/Unity/Hub/Editor/2020.3.4f1c1/Unity.app/Contents/Resources/UnitySubsystems
[Subsystems] Discovering subsystems at path /Users/mumu/Codes/Unity/KnightOfAttack/Assets
GfxDevice: creating device client; threaded=0
2021-07-04 09:03:10.962 Unity[3736:33615] U2790B preferred device: AMD Radeon RX 470 (high power)
2021-07-04 09:03:10.962 Unity[3736:33615] Metal devices available: 1
2021-07-04 09:03:10.962 Unity[3736:33615] 0: AMD Radeon RX 470 (high power)
2021-07-04 09:03:10.962 Unity[3736:33615] Using device AMD Radeon RX 470 (high power)
Initializing Metal device caps: AMD Radeon RX 470
Shader 'Universal Render Pipeline/Particles/Lit': fallback shader 'Universal Render Pipeline/Particles/SimpleLit' not found
Initialize mono
Mono path[0] = '/Applications/Unity/Hub/Editor/2020.3.4f1c1/Unity.app/Contents/Managed'
Mono path[1] = '/Applications/Unity/Hub/Editor/2020.3.4f1c1/Unity.app/Contents/MonoBleedingEdge/lib/mono/unityjit'
Mono config path = '/Applications/Unity/Hub/Editor/2020.3.4f1c1/Unity.app/Contents/MonoBleedingEdge/etc'
Using monoOptions --debugger-agent=transport=dt_socket,embedding=1,server=y,suspend=n,address=127.0.0.1:56736
Begin MonoManager ReloadAssembly
Registering precompiled unity dll's ...
Register platform support module: /Applications/Unity/Hub/Editor/2020.3.4f1c1/Unity.app/Contents/PlaybackEngines/MacStandaloneSupport/UnityEditor.OSXStandalone.Extensions.dll
Register platform support module: /Applications/Unity/Hub/Editor/2020.3.4f1c1/PlaybackEngines/WindowsStandaloneSupport/UnityEditor.WindowsStandalone.Extensions.dll
Registered in 0.000606 seconds.
Native extension for WindowsStandalone target not found
Native extension for OSXStandalone target not found
Refreshing native plugins compatible for Editor in 64.87 ms, found 1 plugins.
Preloading 0 native plugins for Editor in 0.00 ms.
Mono: successfully reloaded assembly
- Completed reload, in  2.464 seconds
Platform modules already initialized, skipping
Registering precompiled user dll's ...
Registered in 0.002184 seconds.
Begin MonoManager ReloadAssembly
Native extension for WindowsStandalone target not found
Native extension for OSXStandalone target not found
Refreshing native plugins compatible for Editor in 69.22 ms, found 1 plugins.
Preloading 0 native plugins for Editor in 0.00 ms.
Mono: successfully reloaded assembly
- Completed reload, in  1.486 seconds
Platform modules already initialized, skipping
========================================================================
Worker process is ready to serve import requests
Shader 'Universal Render Pipeline/Particles/Lit': fallback shader 'Universal Render Pipeline/Particles/SimpleLit' not found
Launching external process: /Applications/Unity/Hub/Editor/2020.3.4f1c1/Unity.app/Contents/Tools/UnityShaderCompiler
Launched and connected shader compiler UnityShaderCompiler after 0.01 seconds
Refreshing native plugins compatible for Editor in 1.08 ms, found 1 plugins.
Preloading 0 native plugins for Editor in 0.00 ms.
Unloading 3001 Unused Serialized files (Serialized files now loaded: 0)
System memory in use before: 274.3 MB.
System memory in use after: 274.4 MB.

Unloading 25 unused Assets to reduce memory usage. Loaded Objects now: 3510.
Total: 18.248560 ms (FindLiveObjects: 0.334295 ms CreateObjectMapping: 0.149263 ms MarkObjects: 17.657125 ms  DeleteObjects: 0.106679 ms)

========================================================================
Received Import Request.
  path: Assets/Resources/Prefabs/Player/Player.prefab
  artifactKey: Guid(77ac70fc1a05743eebca026f34b9568f) Importer(815301076,1909f56bfc062723c751e8b465ee728b)
Start importing Assets/Resources/Prefabs/Player/Player.prefab using Guid(77ac70fc1a05743eebca026f34b9568f) Importer(815301076,1909f56bfc062723c751e8b465ee728b)  -> (artifact id: '878b6229c4e45afd284fdc3a96655331') in 1.275943 seconds
  Import took 1.284269 seconds .

========================================================================
Received Import Request.
  Time since last request: 0.000227 seconds.
  path: Assets/Scripts/Player/PlayerController.cs
  artifactKey: Guid(d36ee87db27134b888a9d535b19779c6) Importer(815301076,1909f56bfc062723c751e8b465ee728b)
Start importing Assets/Scripts/Player/PlayerController.cs using Guid(d36ee87db27134b888a9d535b19779c6) Importer(815301076,1909f56bfc062723c751e8b465ee728b)  -> (artifact id: 'f1ff72815da3869165e4b9b3d236438c') in 0.270511 seconds
  Import took 0.275695 seconds .

========================================================================
Received Prepare
Registering precompiled user dll's ...
Registered in 0.002197 seconds.
Begin MonoManager ReloadAssembly
Native extension for WindowsStandalone target not found
Native extension for OSXStandalone target not found
Refreshing native plugins compatible for Editor in 0.79 ms, found 1 plugins.
Preloading 0 native plugins for Editor in 0.00 ms.
Mono: successfully reloaded assembly
- Completed reload, in  1.365 seconds
Platform modules already initialized, skipping
Shader 'Universal Render Pipeline/Particles/Lit': fallback shader 'Universal Render Pipeline/Particles/SimpleLit' not found
Refreshing native plugins compatible for Editor in 0.81 ms, found 1 plugins.
Preloading 0 native plugins for Editor in 0.00 ms.
Unloading 2866 Unused Serialized files (Serialized files now loaded: 0)
System memory in use before: 295.8 MB.
System memory in use after: 296.0 MB.

Unloading 18 unused Assets to reduce memory usage. Loaded Objects now: 3559.
Total: 18.239418 ms (FindLiveObjects: 0.303432 ms CreateObjectMapping: 0.143701 ms MarkObjects: 17.721741 ms  DeleteObjects: 0.069595 ms)

========================================================================
Received Import Request.
  Time since last request: 4829.887674 seconds.
  path: Assets/Scripts/Player/PlayerController.cs
  artifactKey: Guid(d36ee87db27134b888a9d535b19779c6) Importer(815301076,1909f56bfc062723c751e8b465ee728b)
Start importing Assets/Scripts/Player/PlayerController.cs using Guid(d36ee87db27134b888a9d535b19779c6) Importer(815301076,1909f56bfc062723c751e8b465ee728b)  -> (artifact id: 'a42a69044d90d056fd745098daa05dc3') in 0.004719 seconds
  Import took 0.008917 seconds .

========================================================================
Received Prepare
Registering precompiled user dll's ...
Registered in 0.002233 seconds.
Begin MonoManager ReloadAssembly
Native extension for WindowsStandalone target not found
Native extension for OSXStandalone target not found
Refreshing native plugins compatible for Editor in 0.78 ms, found 1 plugins.
Preloading 0 native plugins for Editor in 0.00 ms.
Mono: successfully reloaded assembly
- Completed reload, in  1.351 seconds
Platform modules already initialized, skipping
Shader 'Universal Render Pipeline/Particles/Lit': fallback shader 'Universal Render Pipeline/Particles/SimpleLit' not found
Refreshing native plugins compatible for Editor in 0.79 ms, found 1 plugins.
Preloading 0 native plugins for Editor in 0.00 ms.
Unloading 2866 Unused Serialized files (Serialized files now loaded: 0)
System memory in use before: 296.6 MB.
System memory in use after: 296.8 MB.

Unloading 18 unused Assets to reduce memory usage. Loaded Objects now: 3562.
Total: 16.853096 ms (FindLiveObjects: 0.308477 ms CreateObjectMapping: 0.142868 ms MarkObjects: 16.331532 ms  DeleteObjects: 0.069011 ms)

========================================================================
Received Prepare
Registering precompiled user dll's ...
Registered in 0.002255 seconds.
Begin MonoManager ReloadAssembly
Native extension for WindowsStandalone target not found
Native extension for OSXStandalone target not found
Refreshing native plugins compatible for Editor in 0.79 ms, found 1 plugins.
Preloading 0 native plugins for Editor in 0.00 ms.
Mono: successfully reloaded assembly
- Completed reload, in  1.328 seconds
Platform modules already initialized, skipping
Shader 'Universal Render Pipeline/Particles/Lit': fallback shader 'Universal Render Pipeline/Particles/SimpleLit' not found
Refreshing native plugins compatible for Editor in 0.79 ms, found 1 plugins.
Preloading 0 native plugins for Editor in 0.00 ms.
Unloading 2866 Unused Serialized files (Serialized files now loaded: 0)
System memory in use before: 297.5 MB.
System memory in use after: 297.7 MB.

Unloading 18 unused Assets to reduce memory usage. Loaded Objects now: 3565.
Total: 17.244363 ms (FindLiveObjects: 0.308881 ms CreateObjectMapping: 0.122266 ms MarkObjects: 16.740542 ms  DeleteObjects: 0.071046 ms)

========================================================================
Received Prepare
Registering precompiled user dll's ...
Registered in 0.002242 seconds.
Begin MonoManager ReloadAssembly
Native extension for WindowsStandalone target not found
Native extension for OSXStandalone target not found
Refreshing native plugins compatible for Editor in 0.80 ms, found 1 plugins.
Preloading 0 native plugins for Editor in 0.00 ms.
Mono: successfully reloaded assembly
- Completed reload, in  1.334 seconds
Platform modules already initialized, skipping
Shader 'Universal Render Pipeline/Particles/Lit': fallback shader 'Universal Render Pipeline/Particles/SimpleLit' not found
Refreshing native plugins compatible for Editor in 0.80 ms, found 1 plugins.
Preloading 0 native plugins for Editor in 0.00 ms.
Unloading 2866 Unused Serialized files (Serialized files now loaded: 0)
System memory in use before: 298.4 MB.
System memory in use after: 298.6 MB.

Unloading 18 unused Assets to reduce memory usage. Loaded Objects now: 3568.
Total: 16.004680 ms (FindLiveObjects: 0.311408 ms CreateObjectMapping: 0.118968 ms MarkObjects: 15.505077 ms  DeleteObjects: 0.068308 ms)

========================================================================
Received Prepare
Registering precompiled user dll's ...
Registered in 0.002286 seconds.
Begin MonoManager ReloadAssembly
Native extension for WindowsStandalone target not found
Native extension for OSXStandalone target not found
Refreshing native plugins compatible for Editor in 0.79 ms, found 1 plugins.
Preloading 0 native plugins for Editor in 0.00 ms.
Mono: successfully reloaded assembly
- Completed reload, in  1.485 seconds
Platform modules already initialized, skipping
Shader 'Universal Render Pipeline/Particles/Lit': fallback shader 'Universal Render Pipeline/Particles/SimpleLit' not found
Refreshing native plugins compatible for Editor in 0.82 ms, found 1 plugins.
Preloading 0 native plugins for Editor in 0.00 ms.
Unloading 2866 Unused Serialized files (Serialized files now loaded: 0)
System memory in use before: 299.2 MB.
System memory in use after: 299.4 MB.

Unloading 18 unused Assets to reduce memory usage. Loaded Objects now: 3571.
Total: 16.709548 ms (FindLiveObjects: 0.298956 ms CreateObjectMapping: 0.125082 ms MarkObjects: 16.214697 ms  DeleteObjects: 0.069342 ms)

========================================================================
Received Prepare
Registering precompiled user dll's ...
Registered in 0.002232 seconds.
Begin MonoManager ReloadAssembly
Native extension for WindowsStandalone target not found
Native extension for OSXStandalone target not found
Refreshing native plugins compatible for Editor in 0.79 ms, found 1 plugins.
Preloading 0 native plugins for Editor in 0.00 ms.
Mono: successfully reloaded assembly
- Completed reload, in  1.349 seconds
Platform modules already initialized, skipping
Shader 'Universal Render Pipeline/Particles/Lit': fallback shader 'Universal Render Pipeline/Particles/SimpleLit' not found
Refreshing native plugins compatible for Editor in 0.78 ms, found 1 plugins.
Preloading 0 native plugins for Editor in 0.00 ms.
Unloading 2866 Unused Serialized files (Serialized files now loaded: 0)
System memory in use before: 300.1 MB.
System memory in use after: 300.3 MB.

Unloading 18 unused Assets to reduce memory usage. Loaded Objects now: 3574.
Total: 17.395126 ms (FindLiveObjects: 0.452179 ms CreateObjectMapping: 0.216560 ms MarkObjects: 16.651705 ms  DeleteObjects: 0.073377 ms)

========================================================================
Received Prepare
Registering precompiled user dll's ...
Registered in 0.002306 seconds.
Begin MonoManager ReloadAssembly
Native extension for WindowsStandalone target not found
Native extension for OSXStandalone target not found
Refreshing native plugins compatible for Editor in 0.80 ms, found 1 plugins.
Preloading 0 native plugins for Editor in 0.00 ms.
Mono: successfully reloaded assembly
- Completed reload, in  1.411 seconds
Platform modules already initialized, skipping
Shader 'Universal Render Pipeline/Particles/Lit': fallback shader 'Universal Render Pipeline/Particles/SimpleLit' not found
Refreshing native plugins compatible for Editor in 0.79 ms, found 1 plugins.
Preloading 0 native plugins for Editor in 0.00 ms.
Unloading 2866 Unused Serialized files (Serialized files now loaded: 0)
System memory in use before: 300.9 MB.
System memory in use after: 301.1 MB.

Unloading 18 unused Assets to reduce memory usage. Loaded Objects now: 3577.
Total: 18.373560 ms (FindLiveObjects: 0.308988 ms CreateObjectMapping: 0.127049 ms MarkObjects: 17.855503 ms  DeleteObjects: 0.080256 ms)

========================================================================
Received Prepare
Registering precompiled user dll's ...
Registered in 0.002201 seconds.
Begin MonoManager ReloadAssembly
Native extension for WindowsStandalone target not found
Native extension for OSXStandalone target not found
Refreshing native plugins compatible for Editor in 0.79 ms, found 1 plugins.
Preloading 0 native plugins for Editor in 0.00 ms.
Mono: successfully reloaded assembly
- Completed reload, in  1.330 seconds
Platform modules already initialized, skipping
Shader 'Universal Render Pipeline/Particles/Lit': fallback shader 'Universal Render Pipeline/Particles/SimpleLit' not found
Refreshing native plugins compatible for Editor in 0.78 ms, found 1 plugins.
Preloading 0 native plugins for Editor in 0.00 ms.
Unloading 2866 Unused Serialized files (Serialized files now loaded: 0)
System memory in use before: 301.8 MB.
System memory in use after: 302.0 MB.

Unloading 18 unused Assets to reduce memory usage. Loaded Objects now: 3580.
Total: 17.401262 ms (FindLiveObjects: 0.294491 ms CreateObjectMapping: 0.120897 ms MarkObjects: 16.910983 ms  DeleteObjects: 0.073564 ms)

========================================================================
Received Prepare
Registering precompiled user dll's ...
Registered in 0.002290 seconds.
Begin MonoManager ReloadAssembly
Native extension for WindowsStandalone target not found
Native extension for OSXStandalone target not found
Refreshing native plugins compatible for Editor in 0.82 ms, found 1 plugins.
Preloading 0 native plugins for Editor in 0.00 ms.
Mono: successfully reloaded assembly
- Completed reload, in  1.326 seconds
Platform modules already initialized, skipping
Shader 'Universal Render Pipeline/Particles/Lit': fallback shader 'Universal Render Pipeline/Particles/SimpleLit' not found
Refreshing native plugins compatible for Editor in 0.79 ms, found 1 plugins.
Preloading 0 native plugins for Editor in 0.00 ms.
Unloading 2866 Unused Serialized files (Serialized files now loaded: 0)
System memory in use before: 302.6 MB.
System memory in use after: 302.8 MB.

Unloading 18 unused Assets to reduce memory usage. Loaded Objects now: 3583.
Total: 18.277220 ms (FindLiveObjects: 0.279054 ms CreateObjectMapping: 0.123595 ms MarkObjects: 17.803462 ms  DeleteObjects: 0.069738 ms)

========================================================================
Received Prepare
Registering precompiled user dll's ...
Registered in 0.002256 seconds.
Begin MonoManager ReloadAssembly
Native extension for WindowsStandalone target not found
Native extension for OSXStandalone target not found
Refreshing native plugins compatible for Editor in 0.82 ms, found 1 plugins.
Preloading 0 native plugins for Editor in 0.00 ms.
Mono: successfully reloaded assembly
- Completed reload, in  1.330 seconds
Platform modules already initialized, skipping
Shader 'Universal Render Pipeline/Particles/Lit': fallback shader 'Universal Render Pipeline/Particles/SimpleLit' not found
Refreshing native plugins compatible for Editor in 0.79 ms, found 1 plugins.
Preloading 0 native plugins for Editor in 0.00 ms.
Unloading 2866 Unused Serialized files (Serialized files now loaded: 0)
System memory in use before: 303.5 MB.
System memory in use after: 303.7 MB.

Unloading 18 unused Assets to reduce memory usage. Loaded Objects now: 3586.
Total: 17.099136 ms (FindLiveObjects: 0.378019 ms CreateObjectMapping: 0.139971 ms MarkObjects: 16.508565 ms  DeleteObjects: 0.071271 ms)

========================================================================
Received Prepare
Registering precompiled user dll's ...
Registered in 0.002244 seconds.
Begin MonoManager ReloadAssembly
Native extension for WindowsStandalone target not found
Native extension for OSXStandalone target not found
Refreshing native plugins compatible for Editor in 0.82 ms, found 1 plugins.
Preloading 0 native plugins for Editor in 0.00 ms.
Mono: successfully reloaded assembly
- Completed reload, in  1.411 seconds
Platform modules already initialized, skipping
Shader 'Universal Render Pipeline/Particles/Lit': fallback shader 'Universal Render Pipeline/Particles/SimpleLit' not found
Refreshing native plugins compatible for Editor in 0.78 ms, found 1 plugins.
Preloading 0 native plugins for Editor in 0.00 ms.
Unloading 2866 Unused Serialized files (Serialized files now loaded: 0)
System memory in use before: 304.3 MB.
System memory in use after: 304.5 MB.

Unloading 18 unused Assets to reduce memory usage. Loaded Objects now: 3589.
Total: 19.715828 ms (FindLiveObjects: 0.443871 ms CreateObjectMapping: 0.221107 ms MarkObjects: 18.970783 ms  DeleteObjects: 0.078511 ms)

========================================================================
Received Import Request.
  Time since last request: 580.101546 seconds.
  path: Assets/Samples
  artifactKey: Guid(2fe05f758b8004bbd9cee1abf2288146) Importer(815301076,1909f56bfc062723c751e8b465ee728b)
Start importing Assets/Samples using Guid(2fe05f758b8004bbd9cee1abf2288146) Importer(815301076,1909f56bfc062723c751e8b465ee728b)  -> (artifact id: '6c1086c50f86c7cf4b2b842b993240ef') in 0.004113 seconds
  Import took 0.008731 seconds .

========================================================================
Received Import Request.
  Time since last request: 0.000966 seconds.
  path: Assets/Samples
  artifactKey: Guid(2fe05f758b8004bbd9cee1abf2288146) Importer(815301076,1909f56bfc062723c751e8b465ee728b)
Start importing Assets/Samples using Guid(2fe05f758b8004bbd9cee1abf2288146) Importer(815301076,1909f56bfc062723c751e8b465ee728b)  -> (artifact id: '6c1086c50f86c7cf4b2b842b993240ef') in 0.000674 seconds
  Import took 0.005274 seconds .

========================================================================
Received Prepare
Registering precompiled user dll's ...
Registered in 0.002319 seconds.
Begin MonoManager ReloadAssembly
Native extension for WindowsStandalone target not found
Native extension for OSXStandalone target not found
Refreshing native plugins compatible for Editor in 0.81 ms, found 1 plugins.
Preloading 0 native plugins for Editor in 0.00 ms.
Mono: successfully reloaded assembly
- Completed reload, in  1.345 seconds
Platform modules already initialized, skipping
Shader 'Universal Render Pipeline/Particles/Lit': fallback shader 'Universal Render Pipeline/Particles/SimpleLit' not found
Refreshing native plugins compatible for Editor in 0.79 ms, found 1 plugins.
Preloading 0 native plugins for Editor in 0.00 ms.
Unloading 2861 Unused Serialized files (Serialized files now loaded: 0)
System memory in use before: 305.0 MB.
System memory in use after: 305.2 MB.

Unloading 23 unused Assets to reduce memory usage. Loaded Objects now: 3587.
Total: 17.361356 ms (FindLiveObjects: 0.332783 ms CreateObjectMapping: 0.139804 ms MarkObjects: 16.816488 ms  DeleteObjects: 0.069605 ms)

========================================================================
Received Import Request.
  Time since last request: 122.699991 seconds.
  path: Assets/Animations/Animator/PlayerAnimator.controller
  artifactKey: Guid(0654aab7bca614df285a939462602719) Importer(815301076,1909f56bfc062723c751e8b465ee728b)
Start importing Assets/Animations/Animator/PlayerAnimator.controller using Guid(0654aab7bca614df285a939462602719) Importer(815301076,1909f56bfc062723c751e8b465ee728b)  -> (artifact id: '1f36169ec1bb2e53fde41a3e4c5955f0') in 0.234170 seconds
  Import took 0.238825 seconds .

========================================================================
Received Import Request.
  Time since last request: 15.048415 seconds.
  path: Assets/Assets Package/ModularRPGHeroesPolyArt/Animators/SwordShield 1.controller
  artifactKey: Guid(4e95639999d5a49b4887b9b0e70920ae) Importer(815301076,1909f56bfc062723c751e8b465ee728b)
Start importing Assets/Assets Package/ModularRPGHeroesPolyArt/Animators/SwordShield 1.controller using Guid(4e95639999d5a49b4887b9b0e70920ae) Importer(815301076,1909f56bfc062723c751e8b465ee728b)  -> (artifact id: '5b4d4e8decbc650c04dc22d7ef71996c') in 0.004379 seconds
  Import took 0.009225 seconds .

========================================================================
Received Import Request.
  Time since last request: 0.000464 seconds.
  path: Assets/Assets Package/ModularRPGHeroesPolyArt/Animators/SwordShield 1.controller
  artifactKey: Guid(4e95639999d5a49b4887b9b0e70920ae) Importer(815301076,1909f56bfc062723c751e8b465ee728b)
Start importing Assets/Assets Package/ModularRPGHeroesPolyArt/Animators/SwordShield 1.controller using Guid(4e95639999d5a49b4887b9b0e70920ae) Importer(815301076,1909f56bfc062723c751e8b465ee728b)  -> (artifact id: '5b4d4e8decbc650c04dc22d7ef71996c') in 0.003975 seconds
  Import took 0.008293 seconds .

========================================================================
Received Import Request.
  Time since last request: 28.538694 seconds.
  path: Assets/Assets Package/ModularRPGHeroesPolyArt/Animations/SwordShield/DefendHit_SwordShield.fbx
  artifactKey: Guid(392bfc95fe5dde048b454a0224c9ed9c) Importer(815301076,1909f56bfc062723c751e8b465ee728b)
Start importing Assets/Assets Package/ModularRPGHeroesPolyArt/Animations/SwordShield/DefendHit_SwordShield.fbx using Guid(392bfc95fe5dde048b454a0224c9ed9c) Importer(815301076,1909f56bfc062723c751e8b465ee728b)  -> (artifact id: '8aecd0b52d899efa245ed85a31e734a7') in 0.431192 seconds
  Import took 0.435746 seconds .

========================================================================
Received Import Request.
  Time since last request: 30.346429 seconds.
  path: Assets/Assets Package/ModularRPGHeroesPolyArt/Animations/SwordShield/Combo04_SwordShield.fbx
  artifactKey: Guid(36cc740639586d346be66dd11f0c289c) Importer(815301076,1909f56bfc062723c751e8b465ee728b)
Start importing Assets/Assets Package/ModularRPGHeroesPolyArt/Animations/SwordShield/Combo04_SwordShield.fbx using Guid(36cc740639586d346be66dd11f0c289c) Importer(815301076,1909f56bfc062723c751e8b465ee728b)  -> (artifact id: '4bddf287237ce9ca01817a52194ebe7e') in 0.062479 seconds
  Import took 0.066956 seconds .

========================================================================
Received Import Request.
  Time since last request: 5.263398 seconds.
  path: Assets/Assets Package/ModularRPGHeroesPolyArt/Animations/SwordShield/Combo05_SwordShield.fbx
  artifactKey: Guid(70773a617c8af14439a9b3d600c23314) Importer(815301076,1909f56bfc062723c751e8b465ee728b)
Start importing Assets/Assets Package/ModularRPGHeroesPolyArt/Animations/SwordShield/Combo05_SwordShield.fbx using Guid(70773a617c8af14439a9b3d600c23314) Importer(815301076,1909f56bfc062723c751e8b465ee728b)  -> (artifact id: '4faa619a376e8f2498ee09d4f2c90869') in 0.063766 seconds
  Import took 0.068269 seconds .

========================================================================
Received Import Request.
  Time since last request: 48.814535 seconds.
  path: Assets/Assets Package/ModularRPGHeroesPolyArt/Animations/SwordShield/Idle_SwordShield.fbx
  artifactKey: Guid(6383a08b0ddb19543948954c6e075143) Importer(815301076,1909f56bfc062723c751e8b465ee728b)
Start importing Assets/Assets Package/ModularRPGHeroesPolyArt/Animations/SwordShield/Idle_SwordShield.fbx using Guid(6383a08b0ddb19543948954c6e075143) Importer(815301076,1909f56bfc062723c751e8b465ee728b)  -> (artifact id: '46e844ec59969cbb2c95b51e429f21fc') in 0.063114 seconds
  Import took 0.067842 seconds .

========================================================================
Received Import Request.
  Time since last request: 389.229442 seconds.
  path: Assets/Assets Package/ModularRPGHeroesPolyArt/Animations/SwordShield/DieRecover_SwordShield.fbx
  artifactKey: Guid(ab7eceb1f93daa441ba19376aa9d202a) Importer(815301076,1909f56bfc062723c751e8b465ee728b)
Start importing Assets/Assets Package/ModularRPGHeroesPolyArt/Animations/SwordShield/DieRecover_SwordShield.fbx using Guid(ab7eceb1f93daa441ba19376aa9d202a) Importer(815301076,1909f56bfc062723c751e8b465ee728b)  -> (artifact id: 'e8511a9d8015a5e042c76f376e4f0c8d') in 0.066907 seconds
  Import took 0.071569 seconds .

========================================================================
Received Import Request.
  Time since last request: 6.743125 seconds.
  path: Assets/Assets Package/ModularRPGHeroesPolyArt/Animations/SwordShield/Die_SwordShield.fbx
  artifactKey: Guid(88a2a171ff2ed6b44ad0d6233059c0a9) Importer(815301076,1909f56bfc062723c751e8b465ee728b)
Start importing Assets/Assets Package/ModularRPGHeroesPolyArt/Animations/SwordShield/Die_SwordShield.fbx using Guid(88a2a171ff2ed6b44ad0d6233059c0a9) Importer(815301076,1909f56bfc062723c751e8b465ee728b)  -> (artifact id: '74f0c6f3ce950a3b8ecf72ac7fe9529d') in 0.062086 seconds
  Import took 0.067009 seconds .

========================================================================
Received Import Request.
  Time since last request: 4.496211 seconds.
  path: Assets/Assets Package/ModularRPGHeroesPolyArt/Animations/SwordShield/Dizzy_SwordShield.fbx
  artifactKey: Guid(4389c261571995446bbcf14e95ac03ee) Importer(815301076,1909f56bfc062723c751e8b465ee728b)
Start importing Assets/Assets Package/ModularRPGHeroesPolyArt/Animations/SwordShield/Dizzy_SwordShield.fbx using Guid(4389c261571995446bbcf14e95ac03ee) Importer(815301076,1909f56bfc062723c751e8b465ee728b)  -> (artifact id: '54de29bae0669b9b1021e64da70362ec') in 0.060732 seconds
  Import took 0.065291 seconds .

========================================================================
Received Import Request.
  Time since last request: 4.840770 seconds.
  path: Assets/Assets Package/ModularRPGHeroesPolyArt/Animations/SwordShield/GetHit_SwordShield.fbx
  artifactKey: Guid(a3609680d62d24c4ba1b0bdef1697637) Importer(815301076,1909f56bfc062723c751e8b465ee728b)
Start importing Assets/Assets Package/ModularRPGHeroesPolyArt/Animations/SwordShield/GetHit_SwordShield.fbx using Guid(a3609680d62d24c4ba1b0bdef1697637) Importer(815301076,1909f56bfc062723c751e8b465ee728b)  -> (artifact id: '7826f53e60c90282f713b465cd7e4425') in 0.063635 seconds
  Import took 0.068168 seconds .

========================================================================
Received Import Request.
  Time since last request: 30.506186 seconds.
  path: Assets/Assets Package/ModularRPGHeroesPolyArt/Animations/SwordShield/Roll_SwordShield.fbx
  artifactKey: Guid(63053acb985c06f46867adffec75fe6a) Importer(815301076,1909f56bfc062723c751e8b465ee728b)
Start importing Assets/Assets Package/ModularRPGHeroesPolyArt/Animations/SwordShield/Roll_SwordShield.fbx using Guid(63053acb985c06f46867adffec75fe6a) Importer(815301076,1909f56bfc062723c751e8b465ee728b)  -> (artifact id: '72e0655ae5015a16dfd81f29a0f75935') in 0.062007 seconds
  Import took 0.066844 seconds .

========================================================================
Received Import Request.
  Time since last request: 20.298890 seconds.
  path: Assets/Assets Package/ModularRPGHeroesPolyArt/Animations/SwordShield/Slide_SwordShield.fbx
  artifactKey: Guid(4795d30aae1bb7a40846d5c334188afa) Importer(815301076,1909f56bfc062723c751e8b465ee728b)
Start importing Assets/Assets Package/ModularRPGHeroesPolyArt/Animations/SwordShield/Slide_SwordShield.fbx using Guid(4795d30aae1bb7a40846d5c334188afa) Importer(815301076,1909f56bfc062723c751e8b465ee728b)  -> (artifact id: '3b1af2d0e0199d4fe7e4982e0e32743a') in 0.060962 seconds
  Import took 0.066051 seconds .

========================================================================
Received Import Request.
  Time since last request: 19.248879 seconds.
  path: Assets/Assets Package/ModularRPGHeroesPolyArt/Animations/SwordShield/WalkRight_SwordShield.fbx
  artifactKey: Guid(ec9d268ecd445f0479bf875c360f2f48) Importer(815301076,1909f56bfc062723c751e8b465ee728b)
Start importing Assets/Assets Package/ModularRPGHeroesPolyArt/Animations/SwordShield/WalkRight_SwordShield.fbx using Guid(ec9d268ecd445f0479bf875c360f2f48) Importer(815301076,1909f56bfc062723c751e8b465ee728b)  -> (artifact id: '30d5f17dd508302a404c143b037ec636') in 0.063478 seconds
  Import took 0.068199 seconds .

========================================================================
Received Import Request.
  Time since last request: 7.957719 seconds.
  path: Assets/Assets Package/ModularRPGHeroesPolyArt/Animations/SwordShield/Walk_SwordShield.fbx
  artifactKey: Guid(e145e4e6dd14bb24b95f704935b91a41) Importer(815301076,1909f56bfc062723c751e8b465ee728b)
Start importing Assets/Assets Package/ModularRPGHeroesPolyArt/Animations/SwordShield/Walk_SwordShield.fbx using Guid(e145e4e6dd14bb24b95f704935b91a41) Importer(815301076,1909f56bfc062723c751e8b465ee728b)  -> (artifact id: 'ea7f46a1d64f3f52d80c3285f3847acf') in 0.064046 seconds
  Import took 0.068685 seconds .

========================================================================
Received Import Request.
  Time since last request: 11.563952 seconds.
  path: Assets/Assets Package/ModularRPGHeroesPolyArt/Animations/SwordShield/Victory_SwordShield.fbx
  artifactKey: Guid(7f6f4762cd03b574eb7e0051dc516670) Importer(815301076,1909f56bfc062723c751e8b465ee728b)
Start importing Assets/Assets Package/ModularRPGHeroesPolyArt/Animations/SwordShield/Victory_SwordShield.fbx using Guid(7f6f4762cd03b574eb7e0051dc516670) Importer(815301076,1909f56bfc062723c751e8b465ee728b)  -> (artifact id: '7b241a479936ab8ae5e1a6c8d8822600') in 0.063521 seconds
  Import took 0.068099 seconds .

========================================================================
Received Import Request.
  Time since last request: 4.618456 seconds.
  path: Assets/Assets Package/ModularRPGHeroesPolyArt/Animations/SwordShield/VictoryMaintain_SwordShield.fbx
  artifactKey: Guid(bbfa20ec861b957459af081d467a07c3) Importer(815301076,1909f56bfc062723c751e8b465ee728b)
Start importing Assets/Assets Package/ModularRPGHeroesPolyArt/Animations/SwordShield/VictoryMaintain_SwordShield.fbx using Guid(bbfa20ec861b957459af081d467a07c3) Importer(815301076,1909f56bfc062723c751e8b465ee728b)  -> (artifact id: 'e92aab0428050b02cadb2d77b2db933c') in 0.063315 seconds
  Import took 0.067944 seconds .

========================================================================
Received Import Request.
  Time since last request: 11.671418 seconds.
  path: Assets/Assets Package/ModularRPGHeroesPolyArt/Animations/SwordShield/EquipmentChange_SwordShield.fbx
  artifactKey: Guid(47de3b88115c3724c91f18deec06b47d) Importer(815301076,1909f56bfc062723c751e8b465ee728b)
Start importing Assets/Assets Package/ModularRPGHeroesPolyArt/Animations/SwordShield/EquipmentChange_SwordShield.fbx using Guid(47de3b88115c3724c91f18deec06b47d) Importer(815301076,1909f56bfc062723c751e8b465ee728b)  -> (artifact id: '59187acc09e4369f9726cca187d7400b') in 0.063311 seconds
  Import took 0.068069 seconds .

========================================================================
Received Import Request.
  Time since last request: 559.768757 seconds.
  path: Assets/Animations/Animator/PlayerAnimator.controller
  artifactKey: Guid(0654aab7bca614df285a939462602719) Importer(815301076,1909f56bfc062723c751e8b465ee728b)
Start importing Assets/Animations/Animator/PlayerAnimator.controller using Guid(0654aab7bca614df285a939462602719) Importer(815301076,1909f56bfc062723c751e8b465ee728b)  -> (artifact id: '7f0f9c7d51c103348b34ff1bb993133d') in 0.011232 seconds
  Import took 0.016569 seconds .

========================================================================
Received Import Request.
  Time since last request: 238.398947 seconds.
  path: Assets/Animations/Animator/PlayerAnimator.controller
  artifactKey: Guid(0654aab7bca614df285a939462602719) Importer(815301076,1909f56bfc062723c751e8b465ee728b)
Start importing Assets/Animations/Animator/PlayerAnimator.controller using Guid(0654aab7bca614df285a939462602719) Importer(815301076,1909f56bfc062723c751e8b465ee728b)  -> (artifact id: '0c34fc66c8c7011295e51f2bf3d4deda') in 0.010607 seconds
  Import took 0.015929 seconds .

========================================================================
Received Import Request.
  Time since last request: 95.247295 seconds.
  path: Assets/Assets Package/ModularRPGHeroesPolyArt/Animations/SwordShield/Combo02_SwordShield.anim
  artifactKey: Guid(ccdd692d7c7894b16bf2c1c5ad002c4e) Importer(815301076,1909f56bfc062723c751e8b465ee728b)
Start importing Assets/Assets Package/ModularRPGHeroesPolyArt/Animations/SwordShield/Combo02_SwordShield.anim using Guid(ccdd692d7c7894b16bf2c1c5ad002c4e) Importer(815301076,1909f56bfc062723c751e8b465ee728b)  -> (artifact id: 'ee9dfde9b622c585143bca6ea7c045f6') in 0.115085 seconds
  Import took 0.119388 seconds .

========================================================================
Received Import Request.
  Time since last request: 34.101984 seconds.
  path: Assets/Assets Package/ModularRPGHeroesPolyArt/Animations/SwordShield/Combo01_SwordShield.anim
  artifactKey: Guid(7890cf76f13914935bedf36138de521e) Importer(815301076,1909f56bfc062723c751e8b465ee728b)
Start importing Assets/Assets Package/ModularRPGHeroesPolyArt/Animations/SwordShield/Combo01_SwordShield.anim using Guid(7890cf76f13914935bedf36138de521e) Importer(815301076,1909f56bfc062723c751e8b465ee728b)  -> (artifact id: '3557b3b0b8dd2da696a81d209498a8dc') in 0.006502 seconds
  Import took 0.011666 seconds .

========================================================================
Received Import Request.
  Time since last request: 9.977220 seconds.
  path: Assets/Assets Package/ModularRPGHeroesPolyArt/Animations/SwordShield/Combo03_SwordShield.anim
  artifactKey: Guid(cde924ae0863c4f29b2401aefcffe448) Importer(815301076,1909f56bfc062723c751e8b465ee728b)
Start importing Assets/Assets Package/ModularRPGHeroesPolyArt/Animations/SwordShield/Combo03_SwordShield.anim using Guid(cde924ae0863c4f29b2401aefcffe448) Importer(815301076,1909f56bfc062723c751e8b465ee728b)  -> (artifact id: '0ebaa3bc4c64e11f2263906a7d3f0faf') in 0.006470 seconds
  Import took 0.011538 seconds .

========================================================================
Received Import Request.
  Time since last request: 5.568094 seconds.
  path: Assets/Assets Package/ModularRPGHeroesPolyArt/Animations/SwordShield/Combo04_SwordShield.anim
  artifactKey: Guid(b7b4ade3aa8b54d8aa871e760a12f92b) Importer(815301076,1909f56bfc062723c751e8b465ee728b)
Start importing Assets/Assets Package/ModularRPGHeroesPolyArt/Animations/SwordShield/Combo04_SwordShield.anim using Guid(b7b4ade3aa8b54d8aa871e760a12f92b) Importer(815301076,1909f56bfc062723c751e8b465ee728b)  -> (artifact id: 'cffc7b9efb5be081336d55d4b734cb5a') in 0.007799 seconds
  Import took 0.012482 seconds .

========================================================================
Received Import Request.
  Time since last request: 8.041496 seconds.
  path: Assets/Assets Package/ModularRPGHeroesPolyArt/Animations/SwordShield/Combo05_SwordShield.anim
  artifactKey: Guid(379dfec3f4d414025a9a5e39c73b03dc) Importer(815301076,1909f56bfc062723c751e8b465ee728b)
Start importing Assets/Assets Package/ModularRPGHeroesPolyArt/Animations/SwordShield/Combo05_SwordShield.anim using Guid(379dfec3f4d414025a9a5e39c73b03dc) Importer(815301076,1909f56bfc062723c751e8b465ee728b)  -> (artifact id: '597a852122a1a72c492af1a6636a5295') in 0.009680 seconds
  Import took 0.014386 seconds .

========================================================================
Received Import Request.
  Time since last request: 8.843658 seconds.
  path: Assets/Assets Package/ModularRPGHeroesPolyArt/Animations/SwordShield/Defend_SwordShield.anim
  artifactKey: Guid(23fb1029c65e7410e8d07691f5155254) Importer(815301076,1909f56bfc062723c751e8b465ee728b)
Start importing Assets/Assets Package/ModularRPGHeroesPolyArt/Animations/SwordShield/Defend_SwordShield.anim using Guid(23fb1029c65e7410e8d07691f5155254) Importer(815301076,1909f56bfc062723c751e8b465ee728b)  -> (artifact id: '5551297175967a7d938549ac42c39985') in 0.005395 seconds
  Import took 0.010141 seconds .

========================================================================
Received Import Request.
  Time since last request: 5.192824 seconds.
  path: Assets/Assets Package/ModularRPGHeroesPolyArt/Animations/SwordShield/DefendHit_SwordShield.anim
  artifactKey: Guid(b9055f435eb4741d4979932fbb447e8a) Importer(815301076,1909f56bfc062723c751e8b465ee728b)
Start importing Assets/Assets Package/ModularRPGHeroesPolyArt/Animations/SwordShield/DefendHit_SwordShield.anim using Guid(b9055f435eb4741d4979932fbb447e8a) Importer(815301076,1909f56bfc062723c751e8b465ee728b)  -> (artifact id: '4fccdf7962a442cc64e0b3508a9c58ff') in 0.005865 seconds
  Import took 0.010729 seconds .

========================================================================
Received Import Request.
  Time since last request: 13.096350 seconds.
  path: Assets/Assets Package/ModularRPGHeroesPolyArt/Animations/SwordShield/Die_SwordShield.anim
  artifactKey: Guid(f01af3493de814b1883032f4ab833e0a) Importer(815301076,1909f56bfc062723c751e8b465ee728b)
Start importing Assets/Assets Package/ModularRPGHeroesPolyArt/Animations/SwordShield/Die_SwordShield.anim using Guid(f01af3493de814b1883032f4ab833e0a) Importer(815301076,1909f56bfc062723c751e8b465ee728b)  -> (artifact id: '47df8b177447d061e92c24c8b31efec0') in 0.008364 seconds
  Import took 0.012939 seconds .

========================================================================
Received Import Request.
  Time since last request: 6.982076 seconds.
  path: Assets/Assets Package/ModularRPGHeroesPolyArt/Animations/SwordShield/Dizzy_SwordShield.anim
  artifactKey: Guid(35cd1728baa25439088ffb958f64e7fd) Importer(815301076,1909f56bfc062723c751e8b465ee728b)
Start importing Assets/Assets Package/ModularRPGHeroesPolyArt/Animations/SwordShield/Dizzy_SwordShield.anim using Guid(35cd1728baa25439088ffb958f64e7fd) Importer(815301076,1909f56bfc062723c751e8b465ee728b)  -> (artifact id: 'b4d3f864622b054706118ec58b279960') in 0.005466 seconds
  Import took 0.010423 seconds .

========================================================================
Received Import Request.
  Time since last request: 8.494864 seconds.
  path: Assets/Assets Package/ModularRPGHeroesPolyArt/Animations/SwordShield/EquipmentChange_SwordShield.anim
  artifactKey: Guid(9716390b706ba44c883aee60e0ec5549) Importer(815301076,1909f56bfc062723c751e8b465ee728b)
Start importing Assets/Assets Package/ModularRPGHeroesPolyArt/Animations/SwordShield/EquipmentChange_SwordShield.anim using Guid(9716390b706ba44c883aee60e0ec5549) Importer(815301076,1909f56bfc062723c751e8b465ee728b)  -> (artifact id: 'f6a3669f9e1624b0f61497ca03b0b291') in 0.007604 seconds
  Import took 0.012346 seconds .

========================================================================
Received Import Request.
  Time since last request: 9.318272 seconds.
  path: Assets/Assets Package/ModularRPGHeroesPolyArt/Animations/SwordShield/GetHit_SwordShield.anim
  artifactKey: Guid(dfe93c09312ca4512bc2f189734d6d38) Importer(815301076,1909f56bfc062723c751e8b465ee728b)
Start importing Assets/Assets Package/ModularRPGHeroesPolyArt/Animations/SwordShield/GetHit_SwordShield.anim using Guid(dfe93c09312ca4512bc2f189734d6d38) Importer(815301076,1909f56bfc062723c751e8b465ee728b)  -> (artifact id: 'fadcf2253e8d824ce2f188a6c21069d7') in 0.006414 seconds
  Import took 0.011359 seconds .

========================================================================
Received Import Request.
  Time since last request: 0.008187 seconds.
  path: Assets/Assets Package/ModularRPGHeroesPolyArt/Animations/SwordShield/GetHit_SwordShield.anim
  artifactKey: Guid(dfe93c09312ca4512bc2f189734d6d38) Importer(815301076,1909f56bfc062723c751e8b465ee728b)
Start importing Assets/Assets Package/ModularRPGHeroesPolyArt/Animations/SwordShield/GetHit_SwordShield.anim using Guid(dfe93c09312ca4512bc2f189734d6d38) Importer(815301076,1909f56bfc062723c751e8b465ee728b)  -> (artifact id: 'fadcf2253e8d824ce2f188a6c21069d7') in 0.006603 seconds
  Import took 0.011073 seconds .

========================================================================
Received Import Request.
  Time since last request: 20.667314 seconds.
  path: Assets/Assets Package/ModularRPGHeroesPolyArt/Animations/SwordShield/Victory_SwordShield.anim
  artifactKey: Guid(2e69602430c014cefb888fa8936cdffc) Importer(815301076,1909f56bfc062723c751e8b465ee728b)
Start importing Assets/Assets Package/ModularRPGHeroesPolyArt/Animations/SwordShield/Victory_SwordShield.anim using Guid(2e69602430c014cefb888fa8936cdffc) Importer(815301076,1909f56bfc062723c751e8b465ee728b)  -> (artifact id: '6b36d124c57ae1f57f831234b90dd8b4') in 0.006543 seconds
  Import took 0.011395 seconds .

========================================================================
Received Import Request.
  Time since last request: 4.831687 seconds.
  path: Assets/Assets Package/ModularRPGHeroesPolyArt/Animations/SwordShield/VictoryMaintain_SwordShield.anim
  artifactKey: Guid(4aaff452b418c4a5d9c296fd42389726) Importer(815301076,1909f56bfc062723c751e8b465ee728b)
Start importing Assets/Assets Package/ModularRPGHeroesPolyArt/Animations/SwordShield/VictoryMaintain_SwordShield.anim using Guid(4aaff452b418c4a5d9c296fd42389726) Importer(815301076,1909f56bfc062723c751e8b465ee728b)  -> (artifact id: '776d3561dc6638d494420c5ec71f8c42') in 0.005237 seconds
  Import took 0.009754 seconds .

========================================================================
Received Import Request.
  Time since last request: 52.894143 seconds.
  path: Assets/Assets Package/ModularRPGHeroesPolyArt/Animations/SwordShield/NormalAttack01_SwordShield.anim
  artifactKey: Guid(d42c2469d19eb4df28d392728634a88c) Importer(815301076,1909f56bfc062723c751e8b465ee728b)
Start importing Assets/Assets Package/ModularRPGHeroesPolyArt/Animations/SwordShield/NormalAttack01_SwordShield.anim using Guid(d42c2469d19eb4df28d392728634a88c) Importer(815301076,1909f56bfc062723c751e8b465ee728b)  -> (artifact id: '333c24a61e46bf8ad4a17236a7f13cd8') in 0.007163 seconds
  Import took 0.011776 seconds .

========================================================================
Received Import Request.
  Time since last request: 3.945871 seconds.
  path: Assets/Assets Package/ModularRPGHeroesPolyArt/Animations/SwordShield/NormalAttack02_SwordShield.anim
  artifactKey: Guid(32eb58faaf42544758f390b6adeab809) Importer(815301076,1909f56bfc062723c751e8b465ee728b)
Start importing Assets/Assets Package/ModularRPGHeroesPolyArt/Animations/SwordShield/NormalAttack02_SwordShield.anim using Guid(32eb58faaf42544758f390b6adeab809) Importer(815301076,1909f56bfc062723c751e8b465ee728b)  -> (artifact id: 'fe171d99c5fc8937fb40b779a58cbd2c') in 0.009648 seconds
  Import took 0.014070 seconds .

========================================================================
Received Import Request.
  Time since last request: 882.854152 seconds.
  path: Assets/Animations/Animator/PlayerAnimator.controller
  artifactKey: Guid(0654aab7bca614df285a939462602719) Importer(815301076,1909f56bfc062723c751e8b465ee728b)
Start importing Assets/Animations/Animator/PlayerAnimator.controller using Guid(0654aab7bca614df285a939462602719) Importer(815301076,1909f56bfc062723c751e8b465ee728b)  -> (artifact id: 'b1f6af361f1ccdfbaec5996e4da03599') in 0.061437 seconds
  Import took 0.066797 seconds .

AssetImportWorkerClient::OnTransportError - code=2 error=End of file
